# JRE version: Java(TM) SE Runtime Environment (8.0_45-b14) (build 1.8.0_45-b14)
# Java VM: Java HotSpot(TM) Server VM (25.45-b02 mixed mode linux-x86 )
Heap:
 PSYoungGen      total 9472K, used 6112K [0x9ca00000, 0x9d480000, 0xa7200000)
  eden space 8192K, 59% used [0x9ca00000,0x9cebc050,0x9d200000)
  from space 1280K, 98% used [0x9d200000,0x9d33c0f0,0x9d340000)
  to   space 1280K, 0% used [0x9d340000,0x9d340000,0x9d480000)
 ParOldGen       total 22016K, used 1898K [0x87a00000, 0x88f80000, 0x9ca00000)
  object space 22016K, 8% used [0x87a00000,0x87bda828,0x88f80000)
 Metaspace       used 8823K, capacity 9006K, committed 9112K, reserved 9520K
GC Heap History (6 events):
Event: 85,621 GC heap before
{Heap before GC invocations=1 (full 0):
 PSYoungGen      total 9472K, used 8192K [0x9ca00000, 0x9d480000, 0xa7200000)
  eden space 8192K, 100% used [0x9ca00000,0x9d200000,0x9d200000)
  from space 1280K, 0% used [0x9d340000,0x9d340000,0x9d480000)
  to   space 1280K, 0% used [0x9d200000,0x9d200000,0x9d340000)
 ParOldGen       total 22016K, used 0K [0x87a00000, 0x88f80000, 0x9ca00000)
  object space 22016K, 0% used [0x87a00000,0x87a00000,0x88f80000)
 Metaspace       used 8542K, capacity 8718K, committed 8856K, reserved 9520K
Event: 85,651 GC heap after
Heap after GC invocations=1 (full 0):
 PSYoungGen      total 9472K, used 1265K [0x9ca00000, 0x9d480000, 0xa7200000)
  eden space 8192K, 0% used [0x9ca00000,0x9ca00000,0x9d200000)
  from space 1280K, 98% used [0x9d200000,0x9d33c518,0x9d340000)
  to   space 1280K, 0% used [0x9d340000,0x9d340000,0x9d480000)
 ParOldGen       total 22016K, used 1858K [0x87a00000, 0x88f80000, 0x9ca00000)
  object space 22016K, 8% used [0x87a00000,0x87bd0828,0x88f80000)
 Metaspace       used 8542K, capacity 8718K, committed 8856K, reserved 9520K
}
Event: 96,881 GC heap before
{Heap before GC invocations=2 (full 0):
 PSYoungGen      total 9472K, used 9457K [0x9ca00000, 0x9d480000, 0xa7200000)
  eden space 8192K, 100% used [0x9ca00000,0x9d200000,0x9d200000)
  from space 1280K, 98% used [0x9d200000,0x9d33c518,0x9d340000)
  to   space 1280K, 0% used [0x9d340000,0x9d340000,0x9d480000)
 ParOldGen       total 22016K, used 1858K [0x87a00000, 0x88f80000, 0x9ca00000)
  object space 22016K, 8% used [0x87a00000,0x87bd0828,0x88f80000)
 Metaspace       used 8665K, capacity 8846K, committed 8984K, reserved 9520K
Event: 96,895 GC heap after
Heap after GC invocations=2 (full 0):
 PSYoungGen      total 9472K, used 1264K [0x9ca00000, 0x9d480000, 0xa7200000)
  eden space 8192K, 0% used [0x9ca00000,0x9ca00000,0x9d200000)
  from space 1280K, 98% used [0x9d340000,0x9d47c0f0,0x9d480000)
  to   space 1280K, 0% used [0x9d200000,0x9d200000,0x9d340000)
 ParOldGen       total 22016K, used 1894K [0x87a00000, 0x88f80000, 0x9ca00000)
  object space 22016K, 8% used [0x87a00000,0x87bd9828,0x88f80000)
 Metaspace       used 8665K, capacity 8846K, committed 8984K, reserved 9520K
}
Event: 115,496 GC heap before
{Heap before GC invocations=3 (full 0):
 PSYoungGen      total 9472K, used 9456K [0x9ca00000, 0x9d480000, 0xa7200000)
  eden space 8192K, 100% used [0x9ca00000,0x9d200000,0x9d200000)
  from space 1280K, 98% used [0x9d340000,0x9d47c0f0,0x9d480000)
  to   space 1280K, 0% used [0x9d200000,0x9d200000,0x9d340000)
 ParOldGen       total 22016K, used 1894K [0x87a00000, 0x88f80000, 0x9ca00000)
  object space 22016K, 8% used [0x87a00000,0x87bd9828,0x88f80000)
 Metaspace       used 8692K, capacity 8878K, committed 8984K, reserved 9520K
Event: 115,515 GC heap after
Heap after GC invocations=3 (full 0):
 PSYoungGen      total 9472K, used 1264K [0x9ca00000, 0x9d480000, 0xa7200000)
  eden space 8192K, 0% used [0x9ca00000,0x9ca00000,0x9d200000)
  from space 1280K, 98% used [0x9d200000,0x9d33c0f0,0x9d340000)
  to   space 1280K, 0% used [0x9d340000,0x9d340000,0x9d480000)
 ParOldGen       total 22016K, used 1898K [0x87a00000, 0x88f80000, 0x9ca00000)
  object space 22016K, 8% used [0x87a00000,0x87bda828,0x88f80000)
 Metaspace       used 8692K, capacity 8878K, committed 8984K, reserved 9520K
}

